<?xml version="1.0" encoding="UTF-8"?>
<robot generator="Robot 3.2.1 (Python 3.8.3 on win32)" generated="20200608 18:20:10.347" rpa="false">
<suite id="s1" name="LoginPage" source="C:\javademos\iddiaaRobotFramework\src\test\java\test\LoginPage.robot">
<test id="s1-t1" name="Login Test">
<kw name="Open Url" library="BaseMethods">
<kw name="Open Browser" library="Selenium2Library">
<doc>Opens a new browser instance to the optional ``url``.</doc>
<arguments>
<arg>${baseUrl}</arg>
<arg>${browser}</arg>
</arguments>
<msg timestamp="20200608 18:20:10.810" level="INFO">Opening browser 'chrome' to base url 'https://test.iddaa.com/giris-yap'.</msg>
<status status="PASS" starttime="20200608 18:20:10.810" endtime="20200608 18:20:20.113"></status>
</kw>
<kw name="Maximize Browser Window" library="Selenium2Library">
<doc>Maximizes current browser window.</doc>
<status status="PASS" starttime="20200608 18:20:20.113" endtime="20200608 18:20:21.432"></status>
</kw>
<status status="PASS" starttime="20200608 18:20:10.809" endtime="20200608 18:20:21.432"></status>
</kw>
<kw name="Enter phone number" library="BaseMethods">
<arguments>
<arg>05349199918</arg>
</arguments>
<kw name="Input Text" library="Selenium2Library">
<doc>Types the given ``text`` into the text field identified by ``locator``.</doc>
<arguments>
<arg>id:10000</arg>
<arg>${phoneNumber}</arg>
</arguments>
<msg timestamp="20200608 18:20:21.433" level="INFO">Typing text '05349199918' into text field 'id:10000'.</msg>
<status status="PASS" starttime="20200608 18:20:21.433" endtime="20200608 18:20:21.702"></status>
</kw>
<status status="PASS" starttime="20200608 18:20:21.432" endtime="20200608 18:20:21.702"></status>
</kw>
<kw name="Enter password" library="BaseMethods">
<arguments>
<arg>qwerty1</arg>
</arguments>
<kw name="Input Text" library="Selenium2Library">
<doc>Types the given ``text`` into the text field identified by ``locator``.</doc>
<arguments>
<arg>id:20000</arg>
<arg>${password}</arg>
</arguments>
<msg timestamp="20200608 18:20:21.703" level="INFO">Typing text 'qwerty1' into text field 'id:20000'.</msg>
<status status="PASS" starttime="20200608 18:20:21.703" endtime="20200608 18:20:21.898"></status>
</kw>
<status status="PASS" starttime="20200608 18:20:21.703" endtime="20200608 18:20:21.899"></status>
</kw>
<kw name="Click On Log In Button" library="BaseMethods">
<kw name="Click Element" library="Selenium2Library">
<doc>Click the element identified by ``locator``.</doc>
<arguments>
<arg>css:button</arg>
</arguments>
<msg timestamp="20200608 18:20:21.899" level="INFO">Clicking element 'css:button'.</msg>
<status status="PASS" starttime="20200608 18:20:21.899" endtime="20200608 18:20:21.992"></status>
</kw>
<status status="PASS" starttime="20200608 18:20:21.899" endtime="20200608 18:20:21.992"></status>
</kw>
<kw name="Main Page Should Be Open" library="BaseMethods">
<kw name="Location Should Contain" library="Selenium2Library">
<doc>Verifies that the current URL contains ``expected``.</doc>
<arguments>
<arg>${MainPage URL}</arg>
</arguments>
<msg timestamp="20200608 18:20:21.999" level="INFO">Current location contains 'https://test.iddaa.com/'.</msg>
<status status="PASS" starttime="20200608 18:20:21.993" endtime="20200608 18:20:22.000"></status>
</kw>
<status status="PASS" starttime="20200608 18:20:21.993" endtime="20200608 18:20:22.000"></status>
</kw>
<kw name="Close Browser" library="BaseMethods">
<kw name="Close All Browsers" library="Selenium2Library">
<doc>Closes all open browsers and resets the browser cache.</doc>
<status status="PASS" starttime="20200608 18:20:22.001" endtime="20200608 18:20:24.348"></status>
</kw>
<status status="PASS" starttime="20200608 18:20:22.000" endtime="20200608 18:20:24.349"></status>
</kw>
<status status="PASS" starttime="20200608 18:20:10.808" endtime="20200608 18:20:24.349" critical="yes"></status>
</test>
<status status="PASS" starttime="20200608 18:20:10.352" endtime="20200608 18:20:24.353"></status>
</suite>
<statistics>
<total>
<stat pass="1" fail="0">Critical Tests</stat>
<stat pass="1" fail="0">All Tests</stat>
</total>
<tag>
</tag>
<suite>
<stat pass="1" fail="0" id="s1" name="LoginPage">LoginPage</stat>
</suite>
</statistics>
<errors>
</errors>
</robot>
